[[36mmy_nodelet[0m] [1m[34m==>[0m '[1m/home/odroid/ros_test/build/my_nodelet/build_env.sh /usr/bin/make cmake_check_build_system[0m' [30m[1min[0m '[1m/home/odroid/ros_test/build/my_nodelet[0m'[0m
-- Using CATKIN_DEVEL_PREFIX: /home/odroid/ros_test/devel
-- Using CMAKE_PREFIX_PATH: /home/odroid/ros_test/devel;/home/odroid/Skywalker/devel;/opt/ros/indigo
-- This workspace overlays: /home/odroid/ros_test/devel;/home/odroid/Skywalker/devel;/opt/ros/indigo
-- Using PYTHON_EXECUTABLE: /usr/bin/python
-- Using Debian Python package layout
-- Using empy: /usr/bin/empy
-- Using CATKIN_ENABLE_TESTING: ON
-- Call enable_testing()
-- Using CATKIN_TEST_RESULTS_DIR: /home/odroid/ros_test/build/my_nodelet/test_results
-- Found gtest sources under '/usr/src/gtest': gtests will be built
-- Using Python nosetests: /usr/bin/nosetests-2.7
-- catkin 0.6.16
-- Boost version: 1.54.0
-- Found the following Boost libraries:
--   thread
-- Configuring done
-- Generating done
-- Build files have been written to: /home/odroid/ros_test/build/my_nodelet
[[36mmy_nodelet[0m] [32m<==[0m '[1m/home/odroid/ros_test/build/my_nodelet/build_env.sh /usr/bin/make cmake_check_build_system[0m' finished with return code '[1m0[0m'[0m
[[36mmy_nodelet[0m] [1m[34m==>[0m '[1m/home/odroid/ros_test/build/my_nodelet/build_env.sh /usr/bin/make --jobserver-fds=3,5 -j[0m' [30m[1min[0m '[1m/home/odroid/ros_test/build/my_nodelet[0m'[0m
[35m[1mScanning dependencies of target my_nodelet
[0m[100%] [32mBuilding CXX object CMakeFiles/my_nodelet.dir/src/my_nodelet_main.cpp.o
[0m[31m[1mLinking CXX shared library /home/odroid/ros_test/devel/lib/libmy_nodelet.so
[0m[100%] Built target my_nodelet
[[36mmy_nodelet[0m] [32m<==[0m '[1m/home/odroid/ros_test/build/my_nodelet/build_env.sh /usr/bin/make --jobserver-fds=3,5 -j[0m' finished with return code '[1m0[0m'[0m
